0 info it worked if it ends with ok
1 verbose cli [ 'D:\\Work Files\\nodejs\\node.exe',
1 verbose cli   'D:\\Work Files\\nodejs\\node_modules\\npm\\bin\\npm-cli.js',
1 verbose cli   'start' ]
2 info using npm@3.10.9
3 info using node@v6.9.2
4 verbose run-script [ 'prestart', 'start', 'poststart' ]
5 info lifecycle admin@1.0.0~prestart: admin@1.0.0
6 silly lifecycle admin@1.0.0~prestart: no script for prestart, continuing
7 info lifecycle admin@1.0.0~start: admin@1.0.0
8 verbose lifecycle admin@1.0.0~start: unsafe-perm in lifecycle true
9 verbose lifecycle admin@1.0.0~start: PATH: D:\Work Files\nodejs\node_modules\npm\bin\node-gyp-bin;E:\GitLab\AssLib\源代码项目\前端\admin\node_modules\.bin;C:\Users\LiChangxin\bin;D:\Work Files\Git\mingw64\bin;D:\Work Files\Git\usr\local\bin;D:\Work Files\Git\usr\bin;D:\Work Files\Git\usr\bin;D:\Work Files\Git\mingw64\bin;D:\Work Files\Git\usr\bin;C:\Users\LiChangxin\bin;C:\ProgramData\Oracle\Java\javapath;C:\WINDOWS\system32;C:\WINDOWS;C:\WINDOWS\System32\Wbem;C:\WINDOWS\System32\WindowsPowerShell\v1.0;D:\Work Files\Java\jdk1.8.0_112\bin;D:\Work Files\Git\cmd;D:\Work Files\nodejs;D:\Work Files\Python27;D:\Work Files\mysql-5.7.17\bin;D:\Work Files\Python27\Scripts;D:\Work Files\SVN\bin;D:\Anaconda2;D:\Anaconda2\Scripts;D:\Anaconda2\Library\bin;D:\Work Files\CTEX\UserData\miktex\bin;D:\Work Files\CTEX\MiKTeX\miktex\bin;D:\Work Files\CTEX\CTeX;D:\Work Files\CTEX\CTeX\Packages\ctex\bin;D:\Work Files\CTEX\CTeX\Packages\cct\bin;D:\Work Files\CTEX\CTeX\Packages\ty\bin;D:\Work Files\CTEX\Ghostscript\gs9.18\bin;D:\Work Files\CTEX\GSview\gsview;D:\Work Files\CTEX\WinEdt;D:\Work Files\Yarn\bin;C:\Users\LiChangxin\AppData\Local\Microsoft\WindowsApps;D:\Work Files\Microsoft VS Code\bin;C:\Users\LiChangxin\AppData\Roaming\npm;C:\Users\LiChangxin\AppData\Local\Yarn\bin;D:\Work Files\Git\usr\bin\vendor_perl;D:\Work Files\Git\usr\bin\core_perl
10 verbose lifecycle admin@1.0.0~start: CWD: E:\GitLab\AssLib\源代码项目\前端\admin
11 silly lifecycle admin@1.0.0~start: Args: [ '/d /s /c', 'webpack-dev-server --open' ]
12 silly lifecycle admin@1.0.0~start: Returned: code: 1  signal: null
13 info lifecycle admin@1.0.0~start: Failed to exec start script
14 verbose stack Error: admin@1.0.0 start: `webpack-dev-server --open`
14 verbose stack Exit status 1
14 verbose stack     at EventEmitter.<anonymous> (D:\Work Files\nodejs\node_modules\npm\lib\utils\lifecycle.js:255:16)
14 verbose stack     at emitTwo (events.js:106:13)
14 verbose stack     at EventEmitter.emit (events.js:191:7)
14 verbose stack     at ChildProcess.<anonymous> (D:\Work Files\nodejs\node_modules\npm\lib\utils\spawn.js:40:14)
14 verbose stack     at emitTwo (events.js:106:13)
14 verbose stack     at ChildProcess.emit (events.js:191:7)
14 verbose stack     at maybeClose (internal/child_process.js:877:16)
14 verbose stack     at Process.ChildProcess._handle.onexit (internal/child_process.js:226:5)
15 verbose pkgid admin@1.0.0
16 verbose cwd E:\GitLab\AssLib\源代码项目\前端\admin
17 error Windows_NT 10.0.15063
18 error argv "D:\\Work Files\\nodejs\\node.exe" "D:\\Work Files\\nodejs\\node_modules\\npm\\bin\\npm-cli.js" "start"
19 error node v6.9.2
20 error npm  v3.10.9
21 error code ELIFECYCLE
22 error admin@1.0.0 start: `webpack-dev-server --open`
22 error Exit status 1
23 error Failed at the admin@1.0.0 start script 'webpack-dev-server --open'.
23 error Make sure you have the latest version of node.js and npm installed.
23 error If you do, this is most likely a problem with the admin package,
23 error not with npm itself.
23 error Tell the author that this fails on your system:
23 error     webpack-dev-server --open
23 error You can get information on how to open an issue for this project with:
23 error     npm bugs admin
23 error Or if that isn't available, you can get their info via:
23 error     npm owner ls admin
23 error There is likely additional logging output above.
24 verbose exit [ 1, true ]
